Success (7):
group 127 _e-0000e441-f674-8000-9af3-01075c01075c_310 "Test Group"
content 39957 _a-0000e441-f674-8000-9ba7-011c48011c48_237079 "UI"
content 39958 _a-0000e441-f674-8000-9ba7-011c48011c48_237084 "TestUI"
content 43857 _a-0000e441-f674-8000-9ba7-011c48011c48_256973 "test Rules and constants"
content 43858 _a-0000e441-f674-8000-9ba7-011c48011c48_256978 "TestConstant_MV"
processModel 1323 0002e440-b7ae-8000-0015-7f0000014e7a "Code Review test Process"
application 33060 _a-0000e3f2-6a67-8000-9ba5-011c48011c48_202216 "Code Review Test App"

Referenced precedents that were not exported (4):
user mavashistha mavashistha
user Anbhaskar Anbhaskar
group 71 _e-0000e3f2-6a68-8000-9af1-01075c01075c_128
processModelFolder 8 9178857e-dbb4-4409-b953-63338c3d5324

Trace:
2020-05-18 23:45:41.514 DEBUG application 33060 _a-0000e3f2-6a67-8000-9ba5-011c48011c48_202216 Begin transport.
2020-05-18 23:45:41.514 DEBUG application 33060 _a-0000e3f2-6a67-8000-9ba5-011c48011c48_202216 Retrieving object data.
2020-05-18 23:45:41.519 DEBUG application 33060 _a-0000e3f2-6a67-8000-9ba5-011c48011c48_202216 App associated objects: [group=[_e-0000e441-f674-8000-9af3-01075c01075c_310],content=[_a-0000e441-f674-8000-9ba7-011c48011c48_237079, _a-0000e441-f674-8000-9ba7-011c48011c48_237084, _a-0000e441-f674-8000-9ba7-011c48011c48_256973, _a-0000e441-f674-8000-9ba7-011c48011c48_256978],processModel=[0002e440-b7ae-8000-0015-7f0000014e7a]]
2020-05-18 23:45:41.524 DEBUG application 33060 _a-0000e3f2-6a67-8000-9ba5-011c48011c48_202216 Invalid associated objects: []
2020-05-18 23:45:41.524 DEBUG application 33060 _a-0000e3f2-6a67-8000-9ba5-011c48011c48_202216 Adding valid associated objects to be exported: GlobalBindingMap[group={_e-0000e441-f674-8000-9af3-01075c01075c_310=127},content={_a-0000e441-f674-8000-9ba7-011c48011c48_237079=39957, _a-0000e441-f674-8000-9ba7-011c48011c48_237084=39958, _a-0000e441-f674-8000-9ba7-011c48011c48_256973=43857, _a-0000e441-f674-8000-9ba7-011c48011c48_256978=43858},processModel={0002e440-b7ae-8000-0015-7f0000014e7a=1323}]
2020-05-18 23:45:41.525 DEBUG application 33060 _a-0000e3f2-6a67-8000-9ba5-011c48011c48_202216 Setting uuids of object references.
2020-05-18 23:45:41.525 DEBUG application 33060 _a-0000e3f2-6a67-8000-9ba5-011c48011c48_202216 Processing reference: Application.forum
2020-05-18 23:45:41.525 DEBUG application 33060 _a-0000e3f2-6a67-8000-9ba5-011c48011c48_202216 Processing reference: Application.parent
2020-05-18 23:45:41.528 DEBUG application 33060 _a-0000e3f2-6a67-8000-9ba5-011c48011c48_202216 Processing reference: com.appiancorp.suiteapi.content.ContentRoleMap@5c6faa3e[
  ContentRole[name=readers,inherit=false,allowForAll=false]
  ContentRole[name=authors,inherit=false,allowForAll=false]
  ContentRole[name=administrators,inherit=false,allowForAll=false]
  ContentRole[name=denyReaders,inherit=false,allowForAll=false]
  ContentRole[name=denyAuthors,inherit=false,allowForAll=false]
  ContentRole[name=denyAdministrators,inherit=false,allowForAll=false]
  securityVector=1:SEC_PUBLIC=true,SEC_CREATOR_ADMIN=false,SEC_INH_ADMIN=false,SEC_INH_EDITOR=false,SEC_INH_VIEWER=false,SEC_ALL_ADMIN=false,SEC_ALL_EDITOR=false,SEC_ALL_VIEWER=false
]
2020-05-18 23:45:41.528 DEBUG application 33060 _a-0000e3f2-6a67-8000-9ba5-011c48011c48_202216 Processing reference: ContentRole[name=readers,inherit=false,allowForAll=false]
2020-05-18 23:45:41.528 DEBUG application 33060 _a-0000e3f2-6a67-8000-9ba5-011c48011c48_202216 Processing reference: ContentRole[name=authors,inherit=false,allowForAll=false]
2020-05-18 23:45:41.528 DEBUG application 33060 _a-0000e3f2-6a67-8000-9ba5-011c48011c48_202216 Processing reference: ContentRole[name=administrators,inherit=false,allowForAll=false]
2020-05-18 23:45:41.528 DEBUG application 33060 _a-0000e3f2-6a67-8000-9ba5-011c48011c48_202216 Processing reference: ContentRole[name=denyReaders,inherit=false,allowForAll=false]
2020-05-18 23:45:41.528 DEBUG application 33060 _a-0000e3f2-6a67-8000-9ba5-011c48011c48_202216 Processing reference: ContentRole[name=denyAuthors,inherit=false,allowForAll=false]
2020-05-18 23:45:41.528 DEBUG application 33060 _a-0000e3f2-6a67-8000-9ba5-011c48011c48_202216 Processing reference: ContentRole[name=denyAdministrators,inherit=false,allowForAll=false]
2020-05-18 23:45:41.529 DEBUG group 127 _e-0000e441-f674-8000-9af3-01075c01075c_310 Begin transport.
2020-05-18 23:45:41.529 DEBUG group 127 _e-0000e441-f674-8000-9af3-01075c01075c_310 Retrieving object data.
2020-05-18 23:45:41.536 DEBUG group 127 _e-0000e441-f674-8000-9af3-01075c01075c_310 Setting uuids of object references.
2020-05-18 23:45:41.537 DEBUG group 127 _e-0000e441-f674-8000-9af3-01075c01075c_310 Processing reference: Role[name=<null>,usernames=[mavashistha]]
2020-05-18 23:45:41.538 DEBUG group 127 _e-0000e441-f674-8000-9af3-01075c01075c_310 Processing reference: Attribute[name=Issuer,type=STRING,value=NA]
2020-05-18 23:45:41.539 DEBUG group 127 _e-0000e441-f674-8000-9af3-01075c01075c_310 Processing reference: Group.groupTypeId
2020-05-18 23:45:41.541 DEBUG group 127 _e-0000e441-f674-8000-9af3-01075c01075c_310 Processing reference: Group.parentId
2020-05-18 23:45:41.541 DEBUG group 127 _e-0000e441-f674-8000-9af3-01075c01075c_310 Processing reference: Group.homePageId
2020-05-18 23:45:41.541 DEBUG group 127 _e-0000e441-f674-8000-9af3-01075c01075c_310 Processing reference: Role[name=<null>]
2020-05-18 23:45:41.542 DEBUG group 127 _e-0000e441-f674-8000-9af3-01075c01075c_310 Completing produce.
2020-05-18 23:45:41.542 DEBUG group 127 _e-0000e441-f674-8000-9af3-01075c01075c_310 Exporting binary resources.
2020-05-18 23:45:41.542 DEBUG group 127 _e-0000e441-f674-8000-9af3-01075c01075c_310 Serializing object to XML.
2020-05-18 23:45:41.545 DEBUG group 127 _e-0000e441-f674-8000-9af3-01075c01075c_310 Object transported.
2020-05-18 23:45:41.547 DEBUG content 39957 _a-0000e441-f674-8000-9ba7-011c48011c48_237079 Begin transport.
2020-05-18 23:45:41.548 DEBUG content 39957 _a-0000e441-f674-8000-9ba7-011c48011c48_237079 Retrieving object data.
2020-05-18 23:45:41.555 DEBUG content 39957 _a-0000e441-f674-8000-9ba7-011c48011c48_237079 Setting uuids of object references.
2020-05-18 23:45:41.555 DEBUG content 39957 _a-0000e441-f674-8000-9ba7-011c48011c48_237079 Processing reference: RulesFolder.forum
2020-05-18 23:45:41.556 DEBUG content 39957 _a-0000e441-f674-8000-9ba7-011c48011c48_237079 Processing reference: RulesFolder.parent
2020-05-18 23:45:41.558 DEBUG content 39957 _a-0000e441-f674-8000-9ba7-011c48011c48_237079 Processing reference: com.appiancorp.suiteapi.content.ContentRoleMap@1dd773e6[
  ContentRole[name=readers,inherit=false,allowForAll=false]
  ContentRole[name=authors,inherit=false,allowForAll=false]
  ContentRole[name=administrators,inherit=false,allowForAll=false]
  ContentRole[name=denyReaders,inherit=false,allowForAll=false]
  ContentRole[name=denyAuthors,inherit=false,allowForAll=false]
  ContentRole[name=denyAdministrators,inherit=false,allowForAll=false]
  securityVector=1:SEC_PUBLIC=true,SEC_CREATOR_ADMIN=false,SEC_INH_ADMIN=false,SEC_INH_EDITOR=false,SEC_INH_VIEWER=false,SEC_ALL_ADMIN=false,SEC_ALL_EDITOR=false,SEC_ALL_VIEWER=false
]
2020-05-18 23:45:41.558 DEBUG content 39957 _a-0000e441-f674-8000-9ba7-011c48011c48_237079 Processing reference: ContentRole[name=readers,inherit=false,allowForAll=false]
2020-05-18 23:45:41.558 DEBUG content 39957 _a-0000e441-f674-8000-9ba7-011c48011c48_237079 Processing reference: ContentRole[name=authors,inherit=false,allowForAll=false]
2020-05-18 23:45:41.558 DEBUG content 39957 _a-0000e441-f674-8000-9ba7-011c48011c48_237079 Processing reference: ContentRole[name=administrators,inherit=false,allowForAll=false]
2020-05-18 23:45:41.558 DEBUG content 39957 _a-0000e441-f674-8000-9ba7-011c48011c48_237079 Processing reference: ContentRole[name=denyReaders,inherit=false,allowForAll=false]
2020-05-18 23:45:41.558 DEBUG content 39957 _a-0000e441-f674-8000-9ba7-011c48011c48_237079 Processing reference: ContentRole[name=denyAuthors,inherit=false,allowForAll=false]
2020-05-18 23:45:41.558 DEBUG content 39957 _a-0000e441-f674-8000-9ba7-011c48011c48_237079 Processing reference: ContentRole[name=denyAdministrators,inherit=false,allowForAll=false]
2020-05-18 23:45:41.558 DEBUG content 39957 _a-0000e441-f674-8000-9ba7-011c48011c48_237079 Completing produce.
2020-05-18 23:45:41.558 DEBUG content 39957 _a-0000e441-f674-8000-9ba7-011c48011c48_237079 Exporting binary resources.
2020-05-18 23:45:41.558 DEBUG content 39957 _a-0000e441-f674-8000-9ba7-011c48011c48_237079 Serializing object to XML.
2020-05-18 23:45:41.564 DEBUG content 39957 _a-0000e441-f674-8000-9ba7-011c48011c48_237079 Object transported.
2020-05-18 23:45:41.564 DEBUG content 39958 _a-0000e441-f674-8000-9ba7-011c48011c48_237084 Begin transport.
2020-05-18 23:45:41.564 DEBUG content 39958 _a-0000e441-f674-8000-9ba7-011c48011c48_237084 Retrieving object data.
2020-05-18 23:45:41.573 DEBUG content 39958 _a-0000e441-f674-8000-9ba7-011c48011c48_237084 Setting uuids of object references.
2020-05-18 23:45:41.573 DEBUG content 39958 _a-0000e441-f674-8000-9ba7-011c48011c48_237084 Processing reference: [Content:id=39958,versionId=-1,name=TestUI,type=32,subtype=6,uuid=_a-0000e441-f674-8000-9ba7-011c48011c48_237084,parent=39957]
2020-05-18 23:45:41.573 DEBUG content 39958 _a-0000e441-f674-8000-9ba7-011c48011c48_237084 Processing reference: Interface.forum
2020-05-18 23:45:41.573 DEBUG content 39958 _a-0000e441-f674-8000-9ba7-011c48011c48_237084 Processing reference: Interface.parent
2020-05-18 23:45:41.576 DEBUG content 39958 _a-0000e441-f674-8000-9ba7-011c48011c48_237084 Processing reference: com.appiancorp.suiteapi.content.ContentRoleMap@7b832f2d[
  ContentRole[name=readers,inherit=true,allowForAll=false]
  ContentRole[name=authors,inherit=true,allowForAll=false]
  ContentRole[name=administrators,inherit=true,allowForAll=false]
  ContentRole[name=denyReaders,inherit=false,allowForAll=false]
  ContentRole[name=denyAuthors,inherit=false,allowForAll=false]
  ContentRole[name=denyAdministrators,inherit=false,allowForAll=false]
  securityVector=15:SEC_PUBLIC=true,SEC_CREATOR_ADMIN=false,SEC_INH_ADMIN=true,SEC_INH_EDITOR=true,SEC_INH_VIEWER=true,SEC_ALL_ADMIN=false,SEC_ALL_EDITOR=false,SEC_ALL_VIEWER=false
]
2020-05-18 23:45:41.576 DEBUG content 39958 _a-0000e441-f674-8000-9ba7-011c48011c48_237084 Processing reference: ContentRole[name=readers,inherit=true,allowForAll=false]
2020-05-18 23:45:41.576 DEBUG content 39958 _a-0000e441-f674-8000-9ba7-011c48011c48_237084 Processing reference: ContentRole[name=authors,inherit=true,allowForAll=false]
2020-05-18 23:45:41.576 DEBUG content 39958 _a-0000e441-f674-8000-9ba7-011c48011c48_237084 Processing reference: ContentRole[name=administrators,inherit=true,allowForAll=false]
2020-05-18 23:45:41.576 DEBUG content 39958 _a-0000e441-f674-8000-9ba7-011c48011c48_237084 Processing reference: ContentRole[name=denyReaders,inherit=false,allowForAll=false]
2020-05-18 23:45:41.576 DEBUG content 39958 _a-0000e441-f674-8000-9ba7-011c48011c48_237084 Processing reference: ContentRole[name=denyAuthors,inherit=false,allowForAll=false]
2020-05-18 23:45:41.576 DEBUG content 39958 _a-0000e441-f674-8000-9ba7-011c48011c48_237084 Processing reference: ContentRole[name=denyAdministrators,inherit=false,allowForAll=false]
2020-05-18 23:45:41.576 DEBUG content 39958 _a-0000e441-f674-8000-9ba7-011c48011c48_237084 Completing produce.
2020-05-18 23:45:41.576 DEBUG content 39958 _a-0000e441-f674-8000-9ba7-011c48011c48_237084 Exporting binary resources.
2020-05-18 23:45:41.576 DEBUG content 39958 _a-0000e441-f674-8000-9ba7-011c48011c48_237084 Serializing object to XML.
2020-05-18 23:45:41.584 DEBUG content 39958 _a-0000e441-f674-8000-9ba7-011c48011c48_237084 Object transported.
2020-05-18 23:45:41.584 DEBUG content 43857 _a-0000e441-f674-8000-9ba7-011c48011c48_256973 Begin transport.
2020-05-18 23:45:41.584 DEBUG content 43857 _a-0000e441-f674-8000-9ba7-011c48011c48_256973 Retrieving object data.
2020-05-18 23:45:41.591 DEBUG content 43857 _a-0000e441-f674-8000-9ba7-011c48011c48_256973 Setting uuids of object references.
2020-05-18 23:45:41.591 DEBUG content 43857 _a-0000e441-f674-8000-9ba7-011c48011c48_256973 Processing reference: RulesFolder.forum
2020-05-18 23:45:41.592 DEBUG content 43857 _a-0000e441-f674-8000-9ba7-011c48011c48_256973 Processing reference: RulesFolder.parent
2020-05-18 23:45:41.594 DEBUG content 43857 _a-0000e441-f674-8000-9ba7-011c48011c48_256973 Processing reference: com.appiancorp.suiteapi.content.ContentRoleMap@6d1626de[
  ContentRole[name=readers,inherit=false,allowForAll=false]
  ContentRole[name=authors,inherit=false,allowForAll=false]
  ContentRole[name=administrators,inherit=false,allowForAll=false]
  ContentRole[name=denyReaders,inherit=false,allowForAll=false]
  ContentRole[name=denyAuthors,inherit=false,allowForAll=false]
  ContentRole[name=denyAdministrators,inherit=false,allowForAll=false]
  securityVector=1:SEC_PUBLIC=true,SEC_CREATOR_ADMIN=false,SEC_INH_ADMIN=false,SEC_INH_EDITOR=false,SEC_INH_VIEWER=false,SEC_ALL_ADMIN=false,SEC_ALL_EDITOR=false,SEC_ALL_VIEWER=false
]
2020-05-18 23:45:41.594 DEBUG content 43857 _a-0000e441-f674-8000-9ba7-011c48011c48_256973 Processing reference: ContentRole[name=readers,inherit=false,allowForAll=false]
2020-05-18 23:45:41.594 DEBUG content 43857 _a-0000e441-f674-8000-9ba7-011c48011c48_256973 Processing reference: ContentRole[name=authors,inherit=false,allowForAll=false]
2020-05-18 23:45:41.594 DEBUG content 43857 _a-0000e441-f674-8000-9ba7-011c48011c48_256973 Processing reference: ContentRole[name=administrators,inherit=false,allowForAll=false]
2020-05-18 23:45:41.594 DEBUG content 43857 _a-0000e441-f674-8000-9ba7-011c48011c48_256973 Processing reference: ContentRole[name=denyReaders,inherit=false,allowForAll=false]
2020-05-18 23:45:41.594 DEBUG content 43857 _a-0000e441-f674-8000-9ba7-011c48011c48_256973 Processing reference: ContentRole[name=denyAuthors,inherit=false,allowForAll=false]
2020-05-18 23:45:41.594 DEBUG content 43857 _a-0000e441-f674-8000-9ba7-011c48011c48_256973 Processing reference: ContentRole[name=denyAdministrators,inherit=false,allowForAll=false]
2020-05-18 23:45:41.594 DEBUG content 43857 _a-0000e441-f674-8000-9ba7-011c48011c48_256973 Completing produce.
2020-05-18 23:45:41.594 DEBUG content 43857 _a-0000e441-f674-8000-9ba7-011c48011c48_256973 Exporting binary resources.
2020-05-18 23:45:41.594 DEBUG content 43857 _a-0000e441-f674-8000-9ba7-011c48011c48_256973 Serializing object to XML.
2020-05-18 23:45:41.601 DEBUG content 43857 _a-0000e441-f674-8000-9ba7-011c48011c48_256973 Object transported.
2020-05-18 23:45:41.601 DEBUG content 43858 _a-0000e441-f674-8000-9ba7-011c48011c48_256978 Begin transport.
2020-05-18 23:45:41.601 DEBUG content 43858 _a-0000e441-f674-8000-9ba7-011c48011c48_256978 Retrieving object data.
2020-05-18 23:45:41.61 DEBUG content 43858 _a-0000e441-f674-8000-9ba7-011c48011c48_256978 Setting uuids of object references.
2020-05-18 23:45:41.61 DEBUG content 43858 _a-0000e441-f674-8000-9ba7-011c48011c48_256978 Processing reference: [Content:id=43858,versionId=-1,name=TestConstant_MV,type=32,subtype=0,uuid=_a-0000e441-f674-8000-9ba7-011c48011c48_256978,parent=43857]
2020-05-18 23:45:41.61 DEBUG content 43858 _a-0000e441-f674-8000-9ba7-011c48011c48_256978 Processing reference: Constant.forum
2020-05-18 23:45:41.61 DEBUG content 43858 _a-0000e441-f674-8000-9ba7-011c48011c48_256978 Processing reference: Constant.parent
2020-05-18 23:45:41.613 DEBUG content 43858 _a-0000e441-f674-8000-9ba7-011c48011c48_256978 Processing reference: com.appiancorp.suiteapi.content.ContentRoleMap@212266e3[
  ContentRole[name=readers,inherit=true,allowForAll=false]
  ContentRole[name=authors,inherit=true,allowForAll=false]
  ContentRole[name=administrators,inherit=true,allowForAll=false]
  ContentRole[name=denyReaders,inherit=false,allowForAll=false]
  ContentRole[name=denyAuthors,inherit=false,allowForAll=false]
  ContentRole[name=denyAdministrators,inherit=false,allowForAll=false]
  securityVector=15:SEC_PUBLIC=true,SEC_CREATOR_ADMIN=false,SEC_INH_ADMIN=true,SEC_INH_EDITOR=true,SEC_INH_VIEWER=true,SEC_ALL_ADMIN=false,SEC_ALL_EDITOR=false,SEC_ALL_VIEWER=false
]
2020-05-18 23:45:41.613 DEBUG content 43858 _a-0000e441-f674-8000-9ba7-011c48011c48_256978 Processing reference: ContentRole[name=readers,inherit=true,allowForAll=false]
2020-05-18 23:45:41.613 DEBUG content 43858 _a-0000e441-f674-8000-9ba7-011c48011c48_256978 Processing reference: ContentRole[name=authors,inherit=true,allowForAll=false]
2020-05-18 23:45:41.613 DEBUG content 43858 _a-0000e441-f674-8000-9ba7-011c48011c48_256978 Processing reference: ContentRole[name=administrators,inherit=true,allowForAll=false]
2020-05-18 23:45:41.613 DEBUG content 43858 _a-0000e441-f674-8000-9ba7-011c48011c48_256978 Processing reference: ContentRole[name=denyReaders,inherit=false,allowForAll=false]
2020-05-18 23:45:41.613 DEBUG content 43858 _a-0000e441-f674-8000-9ba7-011c48011c48_256978 Processing reference: ContentRole[name=denyAuthors,inherit=false,allowForAll=false]
2020-05-18 23:45:41.613 DEBUG content 43858 _a-0000e441-f674-8000-9ba7-011c48011c48_256978 Processing reference: ContentRole[name=denyAdministrators,inherit=false,allowForAll=false]
2020-05-18 23:45:41.613 DEBUG content 43858 _a-0000e441-f674-8000-9ba7-011c48011c48_256978 Completing produce.
2020-05-18 23:45:41.613 DEBUG content 43858 _a-0000e441-f674-8000-9ba7-011c48011c48_256978 Exporting binary resources.
2020-05-18 23:45:41.613 DEBUG content 43858 _a-0000e441-f674-8000-9ba7-011c48011c48_256978 Serializing object to XML.
2020-05-18 23:45:41.62 DEBUG content 43858 _a-0000e441-f674-8000-9ba7-011c48011c48_256978 Object transported.
2020-05-18 23:45:41.621 DEBUG processModel 1323 0002e440-b7ae-8000-0015-7f0000014e7a Begin transport.
2020-05-18 23:45:41.621 DEBUG processModel 1323 0002e440-b7ae-8000-0015-7f0000014e7a Retrieving object data.
2020-05-18 23:45:41.64 DEBUG processModel 1323 0002e440-b7ae-8000-0015-7f0000014e7a Setting uuids of object references.
2020-05-18 23:45:41.64 DEBUG processModel 1323 0002e440-b7ae-8000-0015-7f0000014e7a Processing reference: ProcessModelHaul.folderId
2020-05-18 23:45:41.641 DEBUG processModel 1323 0002e440-b7ae-8000-0015-7f0000014e7a Processing reference: ProcessModelHaul.modelDashboardPageId
2020-05-18 23:45:41.641 DEBUG processModel 1323 0002e440-b7ae-8000-0015-7f0000014e7a Processing reference: ProcessModelHaul.processDashboardPageId
2020-05-18 23:45:41.641 DEBUG processModel 1323 0002e440-b7ae-8000-0015-7f0000014e7a Processing reference: ProcessModel.emailAttachmentFolderId
2020-05-18 23:45:41.642 DEBUG processModel 1323 0002e440-b7ae-8000-0015-7f0000014e7a Processing reference: InternalForm.docId
2020-05-18 23:45:41.642 DEBUG processModel 1323 0002e440-b7ae-8000-0015-7f0000014e7a Processing reference: ActivityClassParameter[name=pmID,it=23,v=<null>]
2020-05-18 23:45:41.642 DEBUG processModel 1323 0002e440-b7ae-8000-0015-7f0000014e7a Processing reference: ActivityClassParameter[name=inMap,it=111,v={}]
2020-05-18 23:45:41.642 DEBUG processModel 1323 0002e440-b7ae-8000-0015-7f0000014e7a Processing reference: ActivityClassParameter[name=procInheritsPriority,it=1,v=1]
2020-05-18 23:45:41.642 DEBUG processModel 1323 0002e440-b7ae-8000-0015-7f0000014e7a Processing reference: ActivityClassParameter[name=pmUUID,it=3,v=]
2020-05-18 23:45:41.642 DEBUG processModel 1323 0002e440-b7ae-8000-0015-7f0000014e7a Processing reference: ActivityClassParameter[name=isAsynchronous,it=26,v=1]
2020-05-18 23:45:41.642 DEBUG processModel 1323 0002e440-b7ae-8000-0015-7f0000014e7a Processing reference: ActivityClassParameter[name=isTransparent,it=26,v=1]
2020-05-18 23:45:41.643 DEBUG processModel 1323 0002e440-b7ae-8000-0015-7f0000014e7a Processing reference: ActivityClassParameter[name=inheritSecurity,it=26,v=0]
2020-05-18 23:45:41.643 DEBUG processModel 1323 0002e440-b7ae-8000-0015-7f0000014e7a Processing reference: com.appiancorp.suiteapi.process.ProcessRoleMap@61d06377[
  Role[name=ADMIN_OWNER,groupIds=[71]]
  Role[name=EDITOR]
  Role[name=EXPLICIT_NONMEMBER]
  Role[name=VIEWER,usernames=[Anbhaskar]]
  Role[name=MANAGER]
  Role[name=INITIATOR]
]
2020-05-18 23:45:41.643 DEBUG processModel 1323 0002e440-b7ae-8000-0015-7f0000014e7a Processing reference: Role[name=ADMIN_OWNER,groupIds=[71]]
2020-05-18 23:45:41.646 DEBUG processModel 1323 0002e440-b7ae-8000-0015-7f0000014e7a Processing reference: Role[name=EDITOR]
2020-05-18 23:45:41.646 DEBUG processModel 1323 0002e440-b7ae-8000-0015-7f0000014e7a Processing reference: Role[name=EXPLICIT_NONMEMBER]
2020-05-18 23:45:41.646 DEBUG processModel 1323 0002e440-b7ae-8000-0015-7f0000014e7a Processing reference: Role[name=VIEWER,usernames=[Anbhaskar]]
2020-05-18 23:45:41.647 DEBUG processModel 1323 0002e440-b7ae-8000-0015-7f0000014e7a Processing reference: Role[name=MANAGER]
2020-05-18 23:45:41.647 DEBUG processModel 1323 0002e440-b7ae-8000-0015-7f0000014e7a Processing reference: Role[name=INITIATOR]
2020-05-18 23:45:41.647 DEBUG processModel 1323 0002e440-b7ae-8000-0015-7f0000014e7a Completing produce.
2020-05-18 23:45:41.647 DEBUG processModel 1323 0002e440-b7ae-8000-0015-7f0000014e7a Exporting binary resources.
2020-05-18 23:45:41.647 DEBUG processModel 1323 0002e440-b7ae-8000-0015-7f0000014e7a Serializing object to XML.
2020-05-18 23:45:41.654 DEBUG processModel 1323 0002e440-b7ae-8000-0015-7f0000014e7a Object transported.
2020-05-18 23:45:41.655 DEBUG application 33060 _a-0000e3f2-6a67-8000-9ba5-011c48011c48_202216 Completing produce.
2020-05-18 23:45:41.655 DEBUG application 33060 _a-0000e3f2-6a67-8000-9ba5-011c48011c48_202216 Exporting binary resources.
2020-05-18 23:45:41.655 DEBUG application 33060 _a-0000e3f2-6a67-8000-9ba5-011c48011c48_202216 Serializing object to XML.
2020-05-18 23:45:41.663 DEBUG application 33060 _a-0000e3f2-6a67-8000-9ba5-011c48011c48_202216 Object transported.
